<?xml version="1.0" encoding="UTF-8"?>
<testng-results ignored="0" total="1" passed="1" failed="0" skipped="0">
  <reporter-output>
  </reporter-output>
  <suite started-at="2023-12-02T10:20:53 IST" name="Default suite" finished-at="2023-12-02T10:20:53 IST" duration-ms="84">
    <groups>
    </groups>
    <test started-at="2023-12-02T10:20:53 IST" name="Default test" finished-at="2023-12-02T10:20:53 IST" duration-ms="84">
      <class name="Practice.Demo1">
        <test-method signature="m1()[pri:0, instance:Practice.Demo1@22ef9844]" started-at="2023-12-02T10:20:53 IST" name="m1" finished-at="2023-12-02T10:20:53 IST" duration-ms="16" status="PASS">
          <reporter-output>
          </reporter-output>
        </test-method> <!-- m1 -->
      </class> <!-- Practice.Demo1 -->
    </test> <!-- Default test -->
  </suite> <!-- Default suite -->
</testng-results>
